PIF Table
read -1
( -1
identifier (14, 0)
) -1
. -1
identifier (13, 0)
<- -1
constant (1, 0)
. -1
if -1
( -1
identifier (14, 0)
< -1
constant (2, 0)
) -1
: -1
identifier (13, 0)
<- -1
constant (0, 0)
. -1
elif -1
( -1
identifier (14, 0)
= -1
constant (2, 0)
) -1
: -1
identifier (13, 0)
<- -1
constant (1, 0)
. -1
else -1
: -1
identifier (13, 0)
<- -1
constant (1, 0)
. -1
for -1
( -1
identifier (9, 0)
<- -1
constant (2, 0)
, -1
identifier (9, 0)
< -1
identifier (14, 0)
, -1
identifier (9, 0)
<- -1
identifier (9, 0)
+ -1
constant (1, 0)
) -1
: -1
if -1
( -1
identifier (14, 0)
% -1
identifier (9, 0)
) -1
= -1
constant (0, 0)
: -1
identifier (13, 0)
<- -1
constant (0, 0)
. -1
identifier (9, 0)
<- -1
identifier (14, 0)
. -1
if -1
( -1
identifier (13, 0)
= -1
constant (0, 0)
) -1
. -1
show -1
( -1
constant (4, 0)
+ -1
constant (4, 1)
+ -1
constant (0, 1)
+ -1
constant (13, 1)
) -1
. -1
else -1
: -1
show -1
( -1
constant (0, 2)
+ -1
constant (12, 0)
) -1
. -1
