PIF Table
read -1
( -1
) -1
. -1
read -1
( -1
identifier (2, 0)
) -1
. -1
read -1
( -1
identifier (3, 0)
) -1
. -1
if -1
( -1
identifier (1, 0)
>= -1
identifier (2, 0)
and -1
identifier (1, 0)
>= -1
identifier (3, 0)
) -1
: -1
identifier (12, 0)
identifier (1, 0)
. -1
elif -1
( -1
identifier (2, 0)
>= -1
identifier (1, 0)
and -1
identifier (2, 0)
>= -1
identifier (3, 0)
) -1
: -1
identifier (12, 0)
<- -1
identifier (2, 0)
. -1
else -1
: -1
identifier (12, 0)
<- -1
identifier (3, 0)
. -1
show -1
( -1
constant (4, 0)
+ -1
constant (8, 0)
+ -1
constant (12, 1)
+ -1
constant (15, 0)
) -1
. -1
show -1
( -1
identifier (12, 0)
) -1
. -1
